<?xml version="1.0" encoding="UTF-8"?>
<testsuite xmlns:xsi="http://www.w3.org/2001/XMLSchema-instance" xsi:noNamespaceSchemaLocation="https://maven.apache.org/surefire/maven-surefire-plugin/xsd/surefire-test-report-3.0.xsd" version="3.0" name="com.example.demo_int.DemoIntApplicationTests" time="0.919" tests="1" errors="0" skipped="0" failures="0">
  <properties>
[...]
</properties>
  <testcase name="contextLoads" classname="com.example.demo_int.DemoIntApplicationTests" time="0.424">
    <system-out><![CDATA[09:35:40.926 [main] INFO org.springframework.test.context.support.AnnotationConfigContextLoaderUtils -- Could not detect default configuration classes for test class [com.example.demo_int.DemoIntApplicationTests]: DemoIntApplicationTests does not declare any static, non-private, non-final, nested classes annotated with @Configuration.
09:35:40.968 [main] INFO org.springframework.boot.test.context.SpringBootTestContextBootstrapper -- Found @SpringBootConfiguration com.example.demo_int.DemoIntApplication for test class com.example.demo_int.DemoIntApplicationTests

  .   ____          _            __ _ _
 /\\ / ___'_ __ _ _(_)_ __  __ _ \ \ \ \
( ( )\___ | '_ | '_| | '_ \/ _` | \ \ \ \
 \\/  ___)| |_)| | | | | || (_| |  ) ) ) )
  '  |____| .__|_| |_|_| |_\__, | / / / /
 =========|_|==============|___/=/_/_/_/

 :: Spring Boot ::                (v3.3.3)

2024-09-18T09:35:41.124+01:00  INFO 96430 --- [demo-int] [           main] c.e.demo_int.DemoIntApplicationTests     : Starting DemoIntApplicationTests using Java 17.0.12 with PID 96430 (started by DIKUMAR in /Users/DIKUMAR/personalprojects/demo-int)
2024-09-18T09:35:41.125+01:00  INFO 96430 --- [demo-int] [           main] c.e.demo_int.DemoIntApplicationTests     : No active profile set, falling back to 1 default profile: "default"
2024-09-18T09:35:41.332+01:00  INFO 96430 --- [demo-int] [           main] c.e.demo_int.DemoIntApplicationTests     : Started DemoIntApplicationTests in 0.311 seconds (process running for 0.749)
]]></system-out>
  </testcase>
</testsuite>